2017-11-22 01:37:23,000 - ResourceManager.getResource() parse exception
org.apache.velocity.exception.ParseErrorException: Encountered "#end" at /velocity/clientlogin.vm[line 42, column 1]
Was expecting one of:
    <EOF> 
    "(" ...
    <RPAREN> ...
    <ESCAPE_DIRECTIVE> ...
    <SET_DIRECTIVE> ...
    "##" ...
    "\\\\" ...
    "\\" ...
    <TEXT> ...
    "*#" ...
    "*#" ...
    "]]#" ...
    <STRING_LITERAL> ...
    <IF_DIRECTIVE> ...
    <INTEGER_LITERAL> ...
    <FLOATING_POINT_LITERAL> ...
    <WORD> ...
    <BRACKETED_WORD> ...
    <IDENTIFIER> ...
    <DOT> ...
    "{" ...
    "}" ...
    <EMPTY_INDEX> ...
    
	at org.apache.velocity.Template.process(Template.java:151)
	at org.apache.velocity.runtime.resource.ResourceManagerImpl.loadResource(ResourceManagerImpl.java:437)
	at org.apache.velocity.runtime.resource.ResourceManagerImpl.getResource(ResourceManagerImpl.java:352)
	at org.apache.velocity.runtime.RuntimeInstance.getTemplate(RuntimeInstance.java:1533)
	at org.apache.velocity.app.VelocityEngine.getTemplate(VelocityEngine.java:392)
	at io.javalin.translator.template.JavalinVelocityPlugin.render(Velocity.kt:26)
	at io.javalin.Context.renderVelocity(Context.kt:278)
	at io.javalin.Context.renderVelocity(Context.kt:281)
	at server.network.StartServer$1$2.handle(StartServer.java:37)
	at io.javalin.core.JavalinServlet.service(JavalinServlet.kt:61)
	at io.javalin.embeddedserver.jetty.EmbeddedJettyServer$start$httpHandler$1.doHandle(EmbeddedJettyServer.kt:40)
	at org.eclipse.jetty.server.handler.ScopedHandler.nextScope(ScopedHandler.java:168)
	at org.eclipse.jetty.servlet.ServletHandler.doScope(ServletHandler.java:473)
	at org.eclipse.jetty.server.session.SessionHandler.doScope(SessionHandler.java:1564)
	at org.eclipse.jetty.server.handler.ScopedHandler.nextScope(ScopedHandler.java:166)
	at org.eclipse.jetty.server.handler.ContextHandler.doScope(ContextHandler.java:1155)
	at org.eclipse.jetty.server.handler.ScopedHandler.handle(ScopedHandler.java:141)
	at org.eclipse.jetty.server.handler.HandlerList.handle(HandlerList.java:61)
	at org.eclipse.jetty.server.handler.HandlerWrapper.handle(HandlerWrapper.java:132)
	at org.eclipse.jetty.server.Server.handle(Server.java:561)
	at org.eclipse.jetty.server.HttpChannel.handle(HttpChannel.java:334)
	at org.eclipse.jetty.server.HttpConnection.onFillable(HttpConnection.java:251)
	at org.eclipse.jetty.io.AbstractConnection$ReadCallback.succeeded(AbstractConnection.java:279)
	at org.eclipse.jetty.io.FillInterest.fillable(FillInterest.java:104)
	at org.eclipse.jetty.io.ChannelEndPoint$2.run(ChannelEndPoint.java:124)
	at org.eclipse.jetty.util.thread.strategy.EatWhatYouKill.doProduce(EatWhatYouKill.java:247)
	at org.eclipse.jetty.util.thread.strategy.EatWhatYouKill.produce(EatWhatYouKill.java:140)
	at org.eclipse.jetty.util.thread.strategy.EatWhatYouKill.run(EatWhatYouKill.java:131)
	at org.eclipse.jetty.util.thread.ReservedThreadExecutor$ReservedThread.run(ReservedThreadExecutor.java:243)
	at org.eclipse.jetty.util.thread.QueuedThreadPool.runJob(QueuedThreadPool.java:679)
	at org.eclipse.jetty.util.thread.QueuedThreadPool$2.run(QueuedThreadPool.java:597)
	at java.lang.Thread.run(Thread.java:748)
2017-11-22 01:39:28,754 - Log4JLogChute initialized using file 'velocity.log'
2017-11-22 01:39:28,755 - The version of log4j being used does not support the "trace" level.
2017-11-22 01:39:28,755 - Initializing Velocity, Calling init()...
2017-11-22 01:39:28,755 - *******************************************************************
2017-11-22 01:39:28,755 - Starting Apache Velocity v1.7 (compiled: 2010-11-19 12:14:37)
2017-11-22 01:39:28,755 - RuntimeInstance initializing.
2017-11-22 01:39:28,755 - Default Properties File: org/apache/velocity/runtime/defaults/velocity.properties
2017-11-22 01:39:28,755 - Trying to use logger class org.apache.velocity.runtime.log.AvalonLogChute
2017-11-22 01:39:28,755 - Target log system for org.apache.velocity.runtime.log.AvalonLogChute is not available (java.lang.NoClassDefFoundError: org/apache/log/format/Formatter).  Falling back to next log system...
2017-11-22 01:39:28,755 - Trying to use logger class org.apache.velocity.runtime.log.Log4JLogChute
2017-11-22 01:39:28,755 - Using logger class org.apache.velocity.runtime.log.Log4JLogChute
2017-11-22 01:39:28,756 - Default ResourceManager initializing. (class org.apache.velocity.runtime.resource.ResourceManagerImpl)
2017-11-22 01:39:28,758 - ResourceLoader instantiated: org.apache.velocity.runtime.resource.loader.ClasspathResourceLoader
2017-11-22 01:39:28,759 - ClasspathResourceLoader : initialization complete.
2017-11-22 01:39:28,766 - ResourceCache: initialized (class org.apache.velocity.runtime.resource.ResourceCacheImpl) with class java.util.Collections$SynchronizedMap cache map.
2017-11-22 01:39:28,766 - Default ResourceManager initialization complete.
2017-11-22 01:39:28,767 - Loaded System Directive: org.apache.velocity.runtime.directive.Stop
2017-11-22 01:39:28,767 - Loaded System Directive: org.apache.velocity.runtime.directive.Define
2017-11-22 01:39:28,767 - Loaded System Directive: org.apache.velocity.runtime.directive.Break
2017-11-22 01:39:28,768 - Loaded System Directive: org.apache.velocity.runtime.directive.Evaluate
2017-11-22 01:39:28,768 - Loaded System Directive: org.apache.velocity.runtime.directive.Literal
2017-11-22 01:39:28,769 - Loaded System Directive: org.apache.velocity.runtime.directive.Macro
2017-11-22 01:39:28,769 - Loaded System Directive: org.apache.velocity.runtime.directive.Parse
2017-11-22 01:39:28,770 - Loaded System Directive: org.apache.velocity.runtime.directive.Include
2017-11-22 01:39:28,771 - Loaded System Directive: org.apache.velocity.runtime.directive.Foreach
2017-11-22 01:39:28,796 - Created '20' parsers.
2017-11-22 01:39:28,800 - Velocimacro : initialization starting.
2017-11-22 01:39:28,800 - Velocimacro : "velocimacro.library" is not set.  Trying default library: VM_global_library.vm
2017-11-22 01:39:28,801 - Could not load resource 'VM_global_library.vm' from ResourceLoader org.apache.velocity.runtime.resource.loader.ClasspathResourceLoader: ClasspathResourceLoader Error: cannot find resource VM_global_library.vm
2017-11-22 01:39:28,801 - Velocimacro : Default library not found.
2017-11-22 01:39:28,801 - Velocimacro : allowInline = true : VMs can be defined inline in templates
2017-11-22 01:39:28,801 - Velocimacro : allowInlineToOverride = true : VMs defined inline may replace previous VM definitions
2017-11-22 01:39:28,801 - Velocimacro : allowInlineLocal = false : VMs defined inline will be global in scope if allowed.
2017-11-22 01:39:28,801 - Velocimacro : autoload on : VM system will automatically reload global library macros
2017-11-22 01:39:28,801 - Velocimacro : Velocimacro : initialization complete.
2017-11-22 01:39:28,801 - RuntimeInstance successfully initialized.
2017-11-22 01:39:28,806 - ResourceManager : found /velocity/clientlogin.vm with loader org.apache.velocity.runtime.resource.loader.ClasspathResourceLoader
2017-11-22 01:39:28,808 - ResourceManager : found /velocity/clientlogin.vm with loader org.apache.velocity.runtime.resource.loader.ClasspathResourceLoader
2017-11-22 01:39:28,809 - ResourceManager : found /velocity/clientlogin.vm with loader org.apache.velocity.runtime.resource.loader.ClasspathResourceLoader
2017-11-22 01:39:28,809 - ResourceManager : found /velocity/clientlogin.vm with loader org.apache.velocity.runtime.resource.loader.ClasspathResourceLoader
2017-11-22 01:39:28,811 - ResourceManager : found /velocity/clientlogin.vm with loader org.apache.velocity.runtime.resource.loader.ClasspathResourceLoader
2017-11-22 01:39:28,812 - ResourceManager : found /velocity/clientlogin.vm with loader org.apache.velocity.runtime.resource.loader.ClasspathResourceLoader
2017-11-22 01:39:28,813 - ResourceManager : found /velocity/clientlogin.vm with loader org.apache.velocity.runtime.resource.loader.ClasspathResourceLoader
2017-11-22 01:39:28,815 - ResourceManager : found /velocity/clientlogin.vm with loader org.apache.velocity.runtime.resource.loader.ClasspathResourceLoader
2017-11-22 01:39:28,817 - ResourceManager : found /velocity/clientlogin.vm with loader org.apache.velocity.runtime.resource.loader.ClasspathResourceLoader
2017-11-22 01:39:28,819 - ResourceManager : found /velocity/clientlogin.vm with loader org.apache.velocity.runtime.resource.loader.ClasspathResourceLoader
2017-11-22 01:39:28,819 - Max recursion depth reached (10) File stack: > /velocity/clientlogin.vm > /velocity/clientlogin.vm > /velocity/clientlogin.vm > /velocity/clientlogin.vm > /velocity/clientlogin.vm > /velocity/clientlogin.vm > /velocity/clientlogin.vm > /velocity/clientlogin.vm > /velocity/clientlogin.vm > /velocity/clientlogin.vm
2017-11-22 01:39:32,742 - ResourceManager : found /velocity/clientlogin.vm with loader org.apache.velocity.runtime.resource.loader.ClasspathResourceLoader
2017-11-22 01:39:32,746 - ResourceManager : found /velocity/clientlogin.vm with loader org.apache.velocity.runtime.resource.loader.ClasspathResourceLoader
2017-11-22 01:39:32,749 - ResourceManager : found /velocity/clientlogin.vm with loader org.apache.velocity.runtime.resource.loader.ClasspathResourceLoader
2017-11-22 01:39:32,753 - ResourceManager : found /velocity/clientlogin.vm with loader org.apache.velocity.runtime.resource.loader.ClasspathResourceLoader
2017-11-22 01:39:32,761 - ResourceManager : found /velocity/clientlogin.vm with loader org.apache.velocity.runtime.resource.loader.ClasspathResourceLoader
2017-11-22 01:39:32,763 - ResourceManager : found /velocity/clientlogin.vm with loader org.apache.velocity.runtime.resource.loader.ClasspathResourceLoader
2017-11-22 01:39:32,767 - ResourceManager : found /velocity/clientlogin.vm with loader org.apache.velocity.runtime.resource.loader.ClasspathResourceLoader
2017-11-22 01:39:32,770 - ResourceManager : found /velocity/clientlogin.vm with loader org.apache.velocity.runtime.resource.loader.ClasspathResourceLoader
2017-11-22 01:39:32,773 - ResourceManager : found /velocity/clientlogin.vm with loader org.apache.velocity.runtime.resource.loader.ClasspathResourceLoader
2017-11-22 01:39:32,775 - ResourceManager : found /velocity/clientlogin.vm with loader org.apache.velocity.runtime.resource.loader.ClasspathResourceLoader
2017-11-22 01:39:32,775 - Max recursion depth reached (10) File stack: > /velocity/clientlogin.vm > /velocity/clientlogin.vm > /velocity/clientlogin.vm > /velocity/clientlogin.vm > /velocity/clientlogin.vm > /velocity/clientlogin.vm > /velocity/clientlogin.vm > /velocity/clientlogin.vm > /velocity/clientlogin.vm > /velocity/clientlogin.vm
2017-11-22 01:41:52,294 - Log4JLogChute initialized using file 'velocity.log'
2017-11-22 01:41:52,295 - The version of log4j being used does not support the "trace" level.
2017-11-22 01:41:52,295 - Initializing Velocity, Calling init()...
2017-11-22 01:41:52,295 - *******************************************************************
2017-11-22 01:41:52,295 - Starting Apache Velocity v1.7 (compiled: 2010-11-19 12:14:37)
2017-11-22 01:41:52,295 - RuntimeInstance initializing.
2017-11-22 01:41:52,295 - Default Properties File: org/apache/velocity/runtime/defaults/velocity.properties
2017-11-22 01:41:52,295 - Trying to use logger class org.apache.velocity.runtime.log.AvalonLogChute
2017-11-22 01:41:52,295 - Target log system for org.apache.velocity.runtime.log.AvalonLogChute is not available (java.lang.NoClassDefFoundError: org/apache/log/format/Formatter).  Falling back to next log system...
2017-11-22 01:41:52,295 - Trying to use logger class org.apache.velocity.runtime.log.Log4JLogChute
2017-11-22 01:41:52,295 - Using logger class org.apache.velocity.runtime.log.Log4JLogChute
2017-11-22 01:41:52,297 - Default ResourceManager initializing. (class org.apache.velocity.runtime.resource.ResourceManagerImpl)
2017-11-22 01:41:52,298 - ResourceLoader instantiated: org.apache.velocity.runtime.resource.loader.ClasspathResourceLoader
2017-11-22 01:41:52,298 - ClasspathResourceLoader : initialization complete.
2017-11-22 01:41:52,308 - ResourceCache: initialized (class org.apache.velocity.runtime.resource.ResourceCacheImpl) with class java.util.Collections$SynchronizedMap cache map.
2017-11-22 01:41:52,308 - Default ResourceManager initialization complete.
2017-11-22 01:41:52,309 - Loaded System Directive: org.apache.velocity.runtime.directive.Stop
2017-11-22 01:41:52,309 - Loaded System Directive: org.apache.velocity.runtime.directive.Define
2017-11-22 01:41:52,310 - Loaded System Directive: org.apache.velocity.runtime.directive.Break
2017-11-22 01:41:52,310 - Loaded System Directive: org.apache.velocity.runtime.directive.Evaluate
2017-11-22 01:41:52,310 - Loaded System Directive: org.apache.velocity.runtime.directive.Literal
2017-11-22 01:41:52,311 - Loaded System Directive: org.apache.velocity.runtime.directive.Macro
2017-11-22 01:41:52,312 - Loaded System Directive: org.apache.velocity.runtime.directive.Parse
2017-11-22 01:41:52,313 - Loaded System Directive: org.apache.velocity.runtime.directive.Include
2017-11-22 01:41:52,314 - Loaded System Directive: org.apache.velocity.runtime.directive.Foreach
2017-11-22 01:41:52,342 - Created '20' parsers.
2017-11-22 01:41:52,345 - Velocimacro : initialization starting.
2017-11-22 01:41:52,346 - Velocimacro : "velocimacro.library" is not set.  Trying default library: VM_global_library.vm
2017-11-22 01:41:52,346 - Could not load resource 'VM_global_library.vm' from ResourceLoader org.apache.velocity.runtime.resource.loader.ClasspathResourceLoader: ClasspathResourceLoader Error: cannot find resource VM_global_library.vm
2017-11-22 01:41:52,346 - Velocimacro : Default library not found.
2017-11-22 01:41:52,346 - Velocimacro : allowInline = true : VMs can be defined inline in templates
2017-11-22 01:41:52,346 - Velocimacro : allowInlineToOverride = true : VMs defined inline may replace previous VM definitions
2017-11-22 01:41:52,346 - Velocimacro : allowInlineLocal = false : VMs defined inline will be global in scope if allowed.
2017-11-22 01:41:52,346 - Velocimacro : autoload on : VM system will automatically reload global library macros
2017-11-22 01:41:52,346 - Velocimacro : Velocimacro : initialization complete.
2017-11-22 01:41:52,346 - RuntimeInstance successfully initialized.
2017-11-22 01:41:52,352 - ResourceManager : found /velocity/clientlogin.vm with loader org.apache.velocity.runtime.resource.loader.ClasspathResourceLoader
2017-11-22 01:41:52,355 - ResourceManager : found /velocity/clientlogin.vm with loader org.apache.velocity.runtime.resource.loader.ClasspathResourceLoader
2017-11-22 01:41:52,356 - ResourceManager : found /velocity/clientlogin.vm with loader org.apache.velocity.runtime.resource.loader.ClasspathResourceLoader
2017-11-22 01:41:52,357 - ResourceManager : found /velocity/clientlogin.vm with loader org.apache.velocity.runtime.resource.loader.ClasspathResourceLoader
2017-11-22 01:41:52,358 - ResourceManager : found /velocity/clientlogin.vm with loader org.apache.velocity.runtime.resource.loader.ClasspathResourceLoader
2017-11-22 01:41:52,359 - ResourceManager : found /velocity/clientlogin.vm with loader org.apache.velocity.runtime.resource.loader.ClasspathResourceLoader
2017-11-22 01:41:52,360 - ResourceManager : found /velocity/clientlogin.vm with loader org.apache.velocity.runtime.resource.loader.ClasspathResourceLoader
2017-11-22 01:41:52,361 - ResourceManager : found /velocity/clientlogin.vm with loader org.apache.velocity.runtime.resource.loader.ClasspathResourceLoader
2017-11-22 01:41:52,362 - ResourceManager : found /velocity/clientlogin.vm with loader org.apache.velocity.runtime.resource.loader.ClasspathResourceLoader
2017-11-22 01:41:52,364 - ResourceManager : found /velocity/clientlogin.vm with loader org.apache.velocity.runtime.resource.loader.ClasspathResourceLoader
2017-11-22 01:41:52,365 - Max recursion depth reached (10) File stack: > /velocity/clientlogin.vm > /velocity/clientlogin.vm > /velocity/clientlogin.vm > /velocity/clientlogin.vm > /velocity/clientlogin.vm > /velocity/clientlogin.vm > /velocity/clientlogin.vm > /velocity/clientlogin.vm > /velocity/clientlogin.vm > /velocity/clientlogin.vm
2017-11-22 01:42:05,457 - ResourceManager : found /velocity/clientlogin.vm with loader org.apache.velocity.runtime.resource.loader.ClasspathResourceLoader
2017-11-22 01:42:05,459 - ResourceManager : found /velocity/clientlogin.vm with loader org.apache.velocity.runtime.resource.loader.ClasspathResourceLoader
2017-11-22 01:42:05,461 - ResourceManager : found /velocity/clientlogin.vm with loader org.apache.velocity.runtime.resource.loader.ClasspathResourceLoader
2017-11-22 01:42:05,464 - ResourceManager : found /velocity/clientlogin.vm with loader org.apache.velocity.runtime.resource.loader.ClasspathResourceLoader
2017-11-22 01:42:05,475 - ResourceManager : found /velocity/clientlogin.vm with loader org.apache.velocity.runtime.resource.loader.ClasspathResourceLoader
2017-11-22 01:42:05,477 - ResourceManager : found /velocity/clientlogin.vm with loader org.apache.velocity.runtime.resource.loader.ClasspathResourceLoader
2017-11-22 01:42:05,479 - ResourceManager : found /velocity/clientlogin.vm with loader org.apache.velocity.runtime.resource.loader.ClasspathResourceLoader
2017-11-22 01:42:05,480 - ResourceManager : found /velocity/clientlogin.vm with loader org.apache.velocity.runtime.resource.loader.ClasspathResourceLoader
2017-11-22 01:42:05,483 - ResourceManager : found /velocity/clientlogin.vm with loader org.apache.velocity.runtime.resource.loader.ClasspathResourceLoader
2017-11-22 01:42:05,485 - ResourceManager : found /velocity/clientlogin.vm with loader org.apache.velocity.runtime.resource.loader.ClasspathResourceLoader
2017-11-22 01:42:05,486 - Max recursion depth reached (10) File stack: > /velocity/clientlogin.vm > /velocity/clientlogin.vm > /velocity/clientlogin.vm > /velocity/clientlogin.vm > /velocity/clientlogin.vm > /velocity/clientlogin.vm > /velocity/clientlogin.vm > /velocity/clientlogin.vm > /velocity/clientlogin.vm > /velocity/clientlogin.vm
2017-11-22 01:42:57,366 - ResourceManager : found /velocity/home.vm with loader org.apache.velocity.runtime.resource.loader.ClasspathResourceLoader
2017-11-22 01:42:57,367 - ResourceManager : found /velocity/home.vm with loader org.apache.velocity.runtime.resource.loader.ClasspathResourceLoader
2017-11-22 01:42:57,367 - ResourceManager : found /velocity/home.vm with loader org.apache.velocity.runtime.resource.loader.ClasspathResourceLoader
2017-11-22 01:42:57,368 - ResourceManager : found /velocity/home.vm with loader org.apache.velocity.runtime.resource.loader.ClasspathResourceLoader
2017-11-22 01:42:57,368 - ResourceManager : found /velocity/home.vm with loader org.apache.velocity.runtime.resource.loader.ClasspathResourceLoader
2017-11-22 01:42:57,369 - ResourceManager : found /velocity/home.vm with loader org.apache.velocity.runtime.resource.loader.ClasspathResourceLoader
2017-11-22 01:42:57,369 - ResourceManager : found /velocity/home.vm with loader org.apache.velocity.runtime.resource.loader.ClasspathResourceLoader
2017-11-22 01:42:57,370 - ResourceManager : found /velocity/home.vm with loader org.apache.velocity.runtime.resource.loader.ClasspathResourceLoader
2017-11-22 01:42:57,371 - ResourceManager : found /velocity/home.vm with loader org.apache.velocity.runtime.resource.loader.ClasspathResourceLoader
2017-11-22 01:42:57,371 - ResourceManager : found /velocity/home.vm with loader org.apache.velocity.runtime.resource.loader.ClasspathResourceLoader
2017-11-22 01:42:57,371 - Max recursion depth reached (10) File stack: > /velocity/home.vm > /velocity/home.vm > /velocity/home.vm > /velocity/home.vm > /velocity/home.vm > /velocity/home.vm > /velocity/home.vm > /velocity/home.vm > /velocity/home.vm > /velocity/home.vm
2017-11-22 01:43:00,237 - ResourceManager : found /velocity/studentlogin.vm with loader org.apache.velocity.runtime.resource.loader.ClasspathResourceLoader
2017-11-22 01:43:00,241 - ResourceManager : found /velocity/studentlogin.vm with loader org.apache.velocity.runtime.resource.loader.ClasspathResourceLoader
2017-11-22 01:43:00,243 - ResourceManager : found /velocity/studentlogin.vm with loader org.apache.velocity.runtime.resource.loader.ClasspathResourceLoader
2017-11-22 01:43:00,246 - ResourceManager : found /velocity/studentlogin.vm with loader org.apache.velocity.runtime.resource.loader.ClasspathResourceLoader
2017-11-22 01:43:00,248 - ResourceManager : found /velocity/studentlogin.vm with loader org.apache.velocity.runtime.resource.loader.ClasspathResourceLoader
2017-11-22 01:43:00,250 - ResourceManager : found /velocity/studentlogin.vm with loader org.apache.velocity.runtime.resource.loader.ClasspathResourceLoader
2017-11-22 01:43:00,252 - ResourceManager : found /velocity/studentlogin.vm with loader org.apache.velocity.runtime.resource.loader.ClasspathResourceLoader
2017-11-22 01:43:00,254 - ResourceManager : found /velocity/studentlogin.vm with loader org.apache.velocity.runtime.resource.loader.ClasspathResourceLoader
2017-11-22 01:43:00,255 - ResourceManager : found /velocity/studentlogin.vm with loader org.apache.velocity.runtime.resource.loader.ClasspathResourceLoader
2017-11-22 01:43:00,257 - ResourceManager : found /velocity/studentlogin.vm with loader org.apache.velocity.runtime.resource.loader.ClasspathResourceLoader
2017-11-22 01:43:00,257 - Max recursion depth reached (10) File stack: > /velocity/studentlogin.vm > /velocity/studentlogin.vm > /velocity/studentlogin.vm > /velocity/studentlogin.vm > /velocity/studentlogin.vm > /velocity/studentlogin.vm > /velocity/studentlogin.vm > /velocity/studentlogin.vm > /velocity/studentlogin.vm > /velocity/studentlogin.vm
2017-11-22 01:45:38,650 - Log4JLogChute initialized using file 'velocity.log'
2017-11-22 01:45:38,650 - The version of log4j being used does not support the "trace" level.
2017-11-22 01:45:38,650 - Initializing Velocity, Calling init()...
2017-11-22 01:45:38,650 - *******************************************************************
2017-11-22 01:45:38,651 - Starting Apache Velocity v1.7 (compiled: 2010-11-19 12:14:37)
2017-11-22 01:45:38,651 - RuntimeInstance initializing.
2017-11-22 01:45:38,651 - Default Properties File: org/apache/velocity/runtime/defaults/velocity.properties
2017-11-22 01:45:38,651 - Trying to use logger class org.apache.velocity.runtime.log.AvalonLogChute
2017-11-22 01:45:38,651 - Target log system for org.apache.velocity.runtime.log.AvalonLogChute is not available (java.lang.NoClassDefFoundError: org/apache/log/format/Formatter).  Falling back to next log system...
2017-11-22 01:45:38,651 - Trying to use logger class org.apache.velocity.runtime.log.Log4JLogChute
2017-11-22 01:45:38,651 - Using logger class org.apache.velocity.runtime.log.Log4JLogChute
2017-11-22 01:45:38,652 - Default ResourceManager initializing. (class org.apache.velocity.runtime.resource.ResourceManagerImpl)
2017-11-22 01:45:38,653 - ResourceLoader instantiated: org.apache.velocity.runtime.resource.loader.ClasspathResourceLoader
2017-11-22 01:45:38,654 - ClasspathResourceLoader : initialization complete.
2017-11-22 01:45:38,663 - ResourceCache: initialized (class org.apache.velocity.runtime.resource.ResourceCacheImpl) with class java.util.Collections$SynchronizedMap cache map.
2017-11-22 01:45:38,663 - Default ResourceManager initialization complete.
2017-11-22 01:45:38,664 - Loaded System Directive: org.apache.velocity.runtime.directive.Stop
2017-11-22 01:45:38,664 - Loaded System Directive: org.apache.velocity.runtime.directive.Define
2017-11-22 01:45:38,664 - Loaded System Directive: org.apache.velocity.runtime.directive.Break
2017-11-22 01:45:38,665 - Loaded System Directive: org.apache.velocity.runtime.directive.Evaluate
2017-11-22 01:45:38,665 - Loaded System Directive: org.apache.velocity.runtime.directive.Literal
2017-11-22 01:45:38,666 - Loaded System Directive: org.apache.velocity.runtime.directive.Macro
2017-11-22 01:45:38,667 - Loaded System Directive: org.apache.velocity.runtime.directive.Parse
2017-11-22 01:45:38,668 - Loaded System Directive: org.apache.velocity.runtime.directive.Include
2017-11-22 01:45:38,671 - Loaded System Directive: org.apache.velocity.runtime.directive.Foreach
2017-11-22 01:45:38,700 - Created '20' parsers.
2017-11-22 01:45:38,703 - Velocimacro : initialization starting.
2017-11-22 01:45:38,703 - Velocimacro : "velocimacro.library" is not set.  Trying default library: VM_global_library.vm
2017-11-22 01:45:38,704 - Could not load resource 'VM_global_library.vm' from ResourceLoader org.apache.velocity.runtime.resource.loader.ClasspathResourceLoader: ClasspathResourceLoader Error: cannot find resource VM_global_library.vm
2017-11-22 01:45:38,704 - Velocimacro : Default library not found.
2017-11-22 01:45:38,704 - Velocimacro : allowInline = true : VMs can be defined inline in templates
2017-11-22 01:45:38,704 - Velocimacro : allowInlineToOverride = true : VMs defined inline may replace previous VM definitions
2017-11-22 01:45:38,704 - Velocimacro : allowInlineLocal = false : VMs defined inline will be global in scope if allowed.
2017-11-22 01:45:38,704 - Velocimacro : autoload on : VM system will automatically reload global library macros
2017-11-22 01:45:38,704 - Velocimacro : Velocimacro : initialization complete.
2017-11-22 01:45:38,704 - RuntimeInstance successfully initialized.
2017-11-22 01:45:38,709 - ResourceManager : found /velocity/home.vm with loader org.apache.velocity.runtime.resource.loader.ClasspathResourceLoader
2017-11-22 01:45:38,711 - ResourceManager : found /velocity/home.vm with loader org.apache.velocity.runtime.resource.loader.ClasspathResourceLoader
2017-11-22 01:45:38,712 - ResourceManager : found /velocity/home.vm with loader org.apache.velocity.runtime.resource.loader.ClasspathResourceLoader
2017-11-22 01:45:38,713 - ResourceManager : found /velocity/home.vm with loader org.apache.velocity.runtime.resource.loader.ClasspathResourceLoader
2017-11-22 01:45:38,714 - ResourceManager : found /velocity/home.vm with loader org.apache.velocity.runtime.resource.loader.ClasspathResourceLoader
2017-11-22 01:45:38,715 - ResourceManager : found /velocity/home.vm with loader org.apache.velocity.runtime.resource.loader.ClasspathResourceLoader
2017-11-22 01:45:38,716 - ResourceManager : found /velocity/home.vm with loader org.apache.velocity.runtime.resource.loader.ClasspathResourceLoader
2017-11-22 01:45:38,717 - ResourceManager : found /velocity/home.vm with loader org.apache.velocity.runtime.resource.loader.ClasspathResourceLoader
2017-11-22 01:45:38,718 - ResourceManager : found /velocity/home.vm with loader org.apache.velocity.runtime.resource.loader.ClasspathResourceLoader
2017-11-22 01:45:38,719 - ResourceManager : found /velocity/home.vm with loader org.apache.velocity.runtime.resource.loader.ClasspathResourceLoader
2017-11-22 01:45:38,719 - Max recursion depth reached (10) File stack: > /velocity/home.vm > /velocity/home.vm > /velocity/home.vm > /velocity/home.vm > /velocity/home.vm > /velocity/home.vm > /velocity/home.vm > /velocity/home.vm > /velocity/home.vm > /velocity/home.vm
2017-11-22 01:45:44,784 - ResourceManager : found /velocity/home.vm with loader org.apache.velocity.runtime.resource.loader.ClasspathResourceLoader
2017-11-22 01:45:44,785 - ResourceManager : found /velocity/home.vm with loader org.apache.velocity.runtime.resource.loader.ClasspathResourceLoader
2017-11-22 01:45:44,785 - ResourceManager : found /velocity/home.vm with loader org.apache.velocity.runtime.resource.loader.ClasspathResourceLoader
2017-11-22 01:45:44,786 - ResourceManager : found /velocity/home.vm with loader org.apache.velocity.runtime.resource.loader.ClasspathResourceLoader
2017-11-22 01:45:44,793 - ResourceManager : found /velocity/home.vm with loader org.apache.velocity.runtime.resource.loader.ClasspathResourceLoader
2017-11-22 01:45:44,794 - ResourceManager : found /velocity/home.vm with loader org.apache.velocity.runtime.resource.loader.ClasspathResourceLoader
2017-11-22 01:45:44,794 - ResourceManager : found /velocity/home.vm with loader org.apache.velocity.runtime.resource.loader.ClasspathResourceLoader
2017-11-22 01:45:44,795 - ResourceManager : found /velocity/home.vm with loader org.apache.velocity.runtime.resource.loader.ClasspathResourceLoader
2017-11-22 01:45:44,796 - ResourceManager : found /velocity/home.vm with loader org.apache.velocity.runtime.resource.loader.ClasspathResourceLoader
2017-11-22 01:45:44,797 - ResourceManager : found /velocity/home.vm with loader org.apache.velocity.runtime.resource.loader.ClasspathResourceLoader
2017-11-22 01:45:44,797 - Max recursion depth reached (10) File stack: > /velocity/home.vm > /velocity/home.vm > /velocity/home.vm > /velocity/home.vm > /velocity/home.vm > /velocity/home.vm > /velocity/home.vm > /velocity/home.vm > /velocity/home.vm > /velocity/home.vm
2017-11-22 01:46:38,520 - ResourceManager : found /velocity/home.vm with loader org.apache.velocity.runtime.resource.loader.ClasspathResourceLoader
2017-11-22 01:46:38,522 - ResourceManager : found /velocity/home.vm with loader org.apache.velocity.runtime.resource.loader.ClasspathResourceLoader
2017-11-22 01:46:38,525 - ResourceManager : found /velocity/home.vm with loader org.apache.velocity.runtime.resource.loader.ClasspathResourceLoader
2017-11-22 01:46:38,528 - ResourceManager : found /velocity/home.vm with loader org.apache.velocity.runtime.resource.loader.ClasspathResourceLoader
2017-11-22 01:46:38,530 - ResourceManager : found /velocity/home.vm with loader org.apache.velocity.runtime.resource.loader.ClasspathResourceLoader
2017-11-22 01:46:38,532 - ResourceManager : found /velocity/home.vm with loader org.apache.velocity.runtime.resource.loader.ClasspathResourceLoader
2017-11-22 01:46:38,533 - ResourceManager : found /velocity/home.vm with loader org.apache.velocity.runtime.resource.loader.ClasspathResourceLoader
2017-11-22 01:46:38,534 - ResourceManager : found /velocity/home.vm with loader org.apache.velocity.runtime.resource.loader.ClasspathResourceLoader
2017-11-22 01:46:38,535 - ResourceManager : found /velocity/home.vm with loader org.apache.velocity.runtime.resource.loader.ClasspathResourceLoader
2017-11-22 01:46:38,537 - ResourceManager : found /velocity/home.vm with loader org.apache.velocity.runtime.resource.loader.ClasspathResourceLoader
2017-11-22 01:46:38,537 - Max recursion depth reached (10) File stack: > /velocity/home.vm > /velocity/home.vm > /velocity/home.vm > /velocity/home.vm > /velocity/home.vm > /velocity/home.vm > /velocity/home.vm > /velocity/home.vm > /velocity/home.vm > /velocity/home.vm
2017-11-22 01:48:01,141 - ResourceManager : found /velocity/home.vm with loader org.apache.velocity.runtime.resource.loader.ClasspathResourceLoader
2017-11-22 01:48:01,143 - ResourceManager : found /velocity/home.vm with loader org.apache.velocity.runtime.resource.loader.ClasspathResourceLoader
2017-11-22 01:48:01,145 - ResourceManager : found /velocity/home.vm with loader org.apache.velocity.runtime.resource.loader.ClasspathResourceLoader
2017-11-22 01:48:01,148 - ResourceManager : found /velocity/home.vm with loader org.apache.velocity.runtime.resource.loader.ClasspathResourceLoader
2017-11-22 01:48:01,149 - ResourceManager : found /velocity/home.vm with loader org.apache.velocity.runtime.resource.loader.ClasspathResourceLoader
2017-11-22 01:48:01,150 - ResourceManager : found /velocity/home.vm with loader org.apache.velocity.runtime.resource.loader.ClasspathResourceLoader
2017-11-22 01:48:01,151 - ResourceManager : found /velocity/home.vm with loader org.apache.velocity.runtime.resource.loader.ClasspathResourceLoader
2017-11-22 01:48:01,152 - ResourceManager : found /velocity/home.vm with loader org.apache.velocity.runtime.resource.loader.ClasspathResourceLoader
2017-11-22 01:48:01,153 - ResourceManager : found /velocity/home.vm with loader org.apache.velocity.runtime.resource.loader.ClasspathResourceLoader
2017-11-22 01:48:01,154 - ResourceManager : found /velocity/home.vm with loader org.apache.velocity.runtime.resource.loader.ClasspathResourceLoader
2017-11-22 01:48:01,155 - Max recursion depth reached (10) File stack: > /velocity/home.vm > /velocity/home.vm > /velocity/home.vm > /velocity/home.vm > /velocity/home.vm > /velocity/home.vm > /velocity/home.vm > /velocity/home.vm > /velocity/home.vm > /velocity/home.vm
2017-11-22 01:49:01,691 - ResourceManager : found /velocity/home.vm with loader org.apache.velocity.runtime.resource.loader.ClasspathResourceLoader
2017-11-22 01:49:01,695 - ResourceManager : found /velocity/home.vm with loader org.apache.velocity.runtime.resource.loader.ClasspathResourceLoader
2017-11-22 01:49:01,697 - ResourceManager : found /velocity/home.vm with loader org.apache.velocity.runtime.resource.loader.ClasspathResourceLoader
2017-11-22 01:49:01,700 - ResourceManager : found /velocity/home.vm with loader org.apache.velocity.runtime.resource.loader.ClasspathResourceLoader
2017-11-22 01:49:01,701 - ResourceManager : found /velocity/home.vm with loader org.apache.velocity.runtime.resource.loader.ClasspathResourceLoader
2017-11-22 01:49:01,703 - ResourceManager : found /velocity/home.vm with loader org.apache.velocity.runtime.resource.loader.ClasspathResourceLoader
2017-11-22 01:49:01,704 - ResourceManager : found /velocity/home.vm with loader org.apache.velocity.runtime.resource.loader.ClasspathResourceLoader
2017-11-22 01:49:01,705 - ResourceManager : found /velocity/home.vm with loader org.apache.velocity.runtime.resource.loader.ClasspathResourceLoader
2017-11-22 01:49:01,706 - ResourceManager : found /velocity/home.vm with loader org.apache.velocity.runtime.resource.loader.ClasspathResourceLoader
2017-11-22 01:49:01,707 - ResourceManager : found /velocity/home.vm with loader org.apache.velocity.runtime.resource.loader.ClasspathResourceLoader
2017-11-22 01:49:01,707 - Max recursion depth reached (10) File stack: > /velocity/home.vm > /velocity/home.vm > /velocity/home.vm > /velocity/home.vm > /velocity/home.vm > /velocity/home.vm > /velocity/home.vm > /velocity/home.vm > /velocity/home.vm > /velocity/home.vm
2017-11-22 01:49:04,001 - ResourceManager : found /velocity/home.vm with loader org.apache.velocity.runtime.resource.loader.ClasspathResourceLoader
2017-11-22 01:49:04,002 - ResourceManager : found /velocity/home.vm with loader org.apache.velocity.runtime.resource.loader.ClasspathResourceLoader
2017-11-22 01:49:04,002 - ResourceManager : found /velocity/home.vm with loader org.apache.velocity.runtime.resource.loader.ClasspathResourceLoader
2017-11-22 01:49:04,003 - ResourceManager : found /velocity/home.vm with loader org.apache.velocity.runtime.resource.loader.ClasspathResourceLoader
2017-11-22 01:49:04,003 - ResourceManager : found /velocity/home.vm with loader org.apache.velocity.runtime.resource.loader.ClasspathResourceLoader
2017-11-22 01:49:04,004 - ResourceManager : found /velocity/home.vm with loader org.apache.velocity.runtime.resource.loader.ClasspathResourceLoader
2017-11-22 01:49:04,005 - ResourceManager : found /velocity/home.vm with loader org.apache.velocity.runtime.resource.loader.ClasspathResourceLoader
2017-11-22 01:49:04,006 - ResourceManager : found /velocity/home.vm with loader org.apache.velocity.runtime.resource.loader.ClasspathResourceLoader
2017-11-22 01:49:04,007 - ResourceManager : found /velocity/home.vm with loader org.apache.velocity.runtime.resource.loader.ClasspathResourceLoader
2017-11-22 01:49:04,008 - ResourceManager : found /velocity/home.vm with loader org.apache.velocity.runtime.resource.loader.ClasspathResourceLoader
2017-11-22 01:49:04,008 - Max recursion depth reached (10) File stack: > /velocity/home.vm > /velocity/home.vm > /velocity/home.vm > /velocity/home.vm > /velocity/home.vm > /velocity/home.vm > /velocity/home.vm > /velocity/home.vm > /velocity/home.vm > /velocity/home.vm
2017-11-22 01:51:05,283 - ResourceManager : found /velocity/home.vm with loader org.apache.velocity.runtime.resource.loader.ClasspathResourceLoader
2017-11-22 01:51:05,285 - ResourceManager : found /velocity/home.vm with loader org.apache.velocity.runtime.resource.loader.ClasspathResourceLoader
2017-11-22 01:51:05,287 - ResourceManager : found /velocity/home.vm with loader org.apache.velocity.runtime.resource.loader.ClasspathResourceLoader
2017-11-22 01:51:05,290 - ResourceManager : found /velocity/home.vm with loader org.apache.velocity.runtime.resource.loader.ClasspathResourceLoader
2017-11-22 01:51:05,292 - ResourceManager : found /velocity/home.vm with loader org.apache.velocity.runtime.resource.loader.ClasspathResourceLoader
2017-11-22 01:51:05,293 - ResourceManager : found /velocity/home.vm with loader org.apache.velocity.runtime.resource.loader.ClasspathResourceLoader
2017-11-22 01:51:05,295 - ResourceManager : found /velocity/home.vm with loader org.apache.velocity.runtime.resource.loader.ClasspathResourceLoader
2017-11-22 01:51:05,296 - ResourceManager : found /velocity/home.vm with loader org.apache.velocity.runtime.resource.loader.ClasspathResourceLoader
2017-11-22 01:51:05,297 - ResourceManager : found /velocity/home.vm with loader org.apache.velocity.runtime.resource.loader.ClasspathResourceLoader
2017-11-22 01:51:05,298 - ResourceManager : found /velocity/home.vm with loader org.apache.velocity.runtime.resource.loader.ClasspathResourceLoader
2017-11-22 01:51:05,298 - Max recursion depth reached (10) File stack: > /velocity/home.vm > /velocity/home.vm > /velocity/home.vm > /velocity/home.vm > /velocity/home.vm > /velocity/home.vm > /velocity/home.vm > /velocity/home.vm > /velocity/home.vm > /velocity/home.vm
2017-11-22 01:51:07,299 - ResourceManager : found /velocity/clientlogin.vm with loader org.apache.velocity.runtime.resource.loader.ClasspathResourceLoader
2017-11-22 01:51:07,300 - ResourceManager : found /velocity/clientlogin.vm with loader org.apache.velocity.runtime.resource.loader.ClasspathResourceLoader
2017-11-22 01:51:07,301 - ResourceManager : found /velocity/clientlogin.vm with loader org.apache.velocity.runtime.resource.loader.ClasspathResourceLoader
2017-11-22 01:51:07,303 - ResourceManager : found /velocity/clientlogin.vm with loader org.apache.velocity.runtime.resource.loader.ClasspathResourceLoader
2017-11-22 01:51:07,304 - ResourceManager : found /velocity/clientlogin.vm with loader org.apache.velocity.runtime.resource.loader.ClasspathResourceLoader
2017-11-22 01:51:07,306 - ResourceManager : found /velocity/clientlogin.vm with loader org.apache.velocity.runtime.resource.loader.ClasspathResourceLoader
2017-11-22 01:51:07,308 - ResourceManager : found /velocity/clientlogin.vm with loader org.apache.velocity.runtime.resource.loader.ClasspathResourceLoader
2017-11-22 01:51:07,309 - ResourceManager : found /velocity/clientlogin.vm with loader org.apache.velocity.runtime.resource.loader.ClasspathResourceLoader
2017-11-22 01:51:07,311 - ResourceManager : found /velocity/clientlogin.vm with loader org.apache.velocity.runtime.resource.loader.ClasspathResourceLoader
2017-11-22 01:51:07,312 - ResourceManager : found /velocity/clientlogin.vm with loader org.apache.velocity.runtime.resource.loader.ClasspathResourceLoader
2017-11-22 01:51:07,313 - Max recursion depth reached (10) File stack: > /velocity/clientlogin.vm > /velocity/clientlogin.vm > /velocity/clientlogin.vm > /velocity/clientlogin.vm > /velocity/clientlogin.vm > /velocity/clientlogin.vm > /velocity/clientlogin.vm > /velocity/clientlogin.vm > /velocity/clientlogin.vm > /velocity/clientlogin.vm
2017-11-22 01:51:11,260 - ResourceManager : found /velocity/studentlogin.vm with loader org.apache.velocity.runtime.resource.loader.ClasspathResourceLoader
2017-11-22 01:51:11,262 - ResourceManager : found /velocity/studentlogin.vm with loader org.apache.velocity.runtime.resource.loader.ClasspathResourceLoader
2017-11-22 01:51:11,263 - ResourceManager : found /velocity/studentlogin.vm with loader org.apache.velocity.runtime.resource.loader.ClasspathResourceLoader
2017-11-22 01:51:11,264 - ResourceManager : found /velocity/studentlogin.vm with loader org.apache.velocity.runtime.resource.loader.ClasspathResourceLoader
2017-11-22 01:51:11,266 - ResourceManager : found /velocity/studentlogin.vm with loader org.apache.velocity.runtime.resource.loader.ClasspathResourceLoader
2017-11-22 01:51:11,267 - ResourceManager : found /velocity/studentlogin.vm with loader org.apache.velocity.runtime.resource.loader.ClasspathResourceLoader
2017-11-22 01:51:11,269 - ResourceManager : found /velocity/studentlogin.vm with loader org.apache.velocity.runtime.resource.loader.ClasspathResourceLoader
2017-11-22 01:51:11,270 - ResourceManager : found /velocity/studentlogin.vm with loader org.apache.velocity.runtime.resource.loader.ClasspathResourceLoader
2017-11-22 01:51:11,271 - ResourceManager : found /velocity/studentlogin.vm with loader org.apache.velocity.runtime.resource.loader.ClasspathResourceLoader
2017-11-22 01:51:11,272 - ResourceManager : found /velocity/studentlogin.vm with loader org.apache.velocity.runtime.resource.loader.ClasspathResourceLoader
2017-11-22 01:51:11,272 - Max recursion depth reached (10) File stack: > /velocity/studentlogin.vm > /velocity/studentlogin.vm > /velocity/studentlogin.vm > /velocity/studentlogin.vm > /velocity/studentlogin.vm > /velocity/studentlogin.vm > /velocity/studentlogin.vm > /velocity/studentlogin.vm > /velocity/studentlogin.vm > /velocity/studentlogin.vm
